e:\code\systemclient\systemclient\x64\debug\vc120.pdb
e:\code\systemclient\systemclient\x64\debug\userform.obj
e:\code\systemclient\systemclient\x64\debug\systemclient.obj
e:\code\systemclient\systemclient\x64\debug\clientform.obj
e:\code\systemclient\systemclient\x64\debug\adminform.obj
e:\code\systemclient\systemclient\x64\debug\.netframework,version=v4.5.assemblyattributes.obj
e:\code\systemclient\x64\debug\systemclient.exe
e:\code\systemclient\x64\debug\systemclient.pdb
e:\code\systemclient\systemclient\x64\debug\systemclient.adminform.resources
e:\code\systemclient\systemclient\x64\debug\systemclient.clientform.resources
e:\code\systemclient\systemclient\x64\debug\systemclient.userform.resources
e:\code\systemclient\systemclient\x64\debug\systemclient.vcxproj.generateresource.cache
e:\code\systemclient\systemclient\x64\debug\systemclient.vcxprojresolveassemblyreference.cache
e:\code\systemclient\systemclient\x64\debug\systemclient.tlog\cl.command.1.tlog
e:\code\systemclient\systemclient\x64\debug\systemclient.tlog\cl.read.1.tlog
e:\code\systemclient\systemclient\x64\debug\systemclient.tlog\cl.write.1.tlog
e:\code\systemclient\systemclient\x64\debug\systemclient.tlog\link.command.1.tlog
e:\code\systemclient\systemclient\x64\debug\systemclient.tlog\link.read.1.tlog
e:\code\systemclient\systemclient\x64\debug\systemclient.tlog\link.write.1.tlog
e:\code\systemclient\systemclient\x64\debug\systemclient.tlog\metagen.read.1.tlog
e:\code\systemclient\systemclient\x64\debug\systemclient.tlog\metagen.write.1.tlog
e:\code\systemclient\systemclient\x64\debug\systemclient.tlog\systemclient.write.1u.tlog
e:\code\systemclient\systemclient\x64\debug\systemclient.tlog\tzres.dll.bi
