生成启动时间为 2020/5/28 14:56:30。
     1>项目“E:\Code\systemClient\systemClient\systemClient.vcxproj”在节点 2 上(Build 个目标)。
     1>ClCompile:
         D:\VS\VC\bin\x86_amd64\CL.exe /c /I"C:\Program Files\MySQL\MySQL Server 8.0\include" /AI"C:\Program Files (x86)\Reference Assemblies\Microsoft\Framework\.NETFramework\v4.5\\" /AI"C:\Program Files (x86)\Windows Kits\8.1\References\CommonConfiguration\Neutral" /AI"C:\Program Files (x86)\Reference Assemblies\Microsoft\Framework\.NETFramework\v4.5\Facades\\" /Zi /clr /nologo /W3 /WX- /Od /D WIN32 /D _DEBUG /D _UNICODE /D UNICODE /EHa /MDd /GS /fp:precise /Zc:wchar_t /Zc:forScope /Fo"x64\Debug\\" /Fd"x64\Debug\vc120.pdb" /TP /FU"C:\Program Files (x86)\Reference Assemblies\Microsoft\Framework\.NETFramework\v4.5\mscorlib.dll" /FU"C:\Program Files (x86)\Reference Assemblies\Microsoft\Framework\.NETFramework\v4.5\System.Data.dll" /FU"C:\Program Files (x86)\Reference Assemblies\Microsoft\Framework\.NETFramework\v4.5\System.dll" /FU"C:\Program Files (x86)\Reference Assemblies\Microsoft\Framework\.NETFramework\v4.5\System.Drawing.dll" /FU"C:\Program Files (x86)\Reference Assemblies\Microsoft\Framework\.NETFramework\v4.5\System.Windows.Forms.dll" /FU"C:\Program Files (x86)\Reference Assemblies\Microsoft\Framework\.NETFramework\v4.5\System.Xml.dll" /errorReport:prompt /clr:nostdlib adminForm.cpp clientForm.cpp systemClient.cpp userForm.cpp
         adminForm.cpp
         clientForm.cpp
         systemClient.cpp
     1>e:\code\systemclient\systemclient\clientForm.h(280): warning C4267: “初始化”: 从“size_t”转换到“int”，可能丢失数据
     1>e:\code\systemclient\systemclient\clientForm.h(282): warning C4267: “初始化”: 从“size_t”转换到“int”，可能丢失数据
         userForm.cpp
         正在生成代码...
         D:\VS\VC\bin\x86_amd64\CL.exe /c /I"C:\Program Files\MySQL\MySQL Server 8.0\include" /Zi /clr /nologo /W3 /WX- /Od /D WIN32 /D _DEBUG /D _UNICODE /D UNICODE /EHa /MDd /GS /fp:precise /Zc:wchar_t /Zc:forScope /Fo"x64\Debug\\" /Fd"x64\Debug\vc120.pdb" /TP /errorReport:prompt "C:\Users\lenovo\AppData\Local\Temp\.NETFramework,Version=v4.5.AssemblyAttributes.cpp"
         .NETFramework,Version=v4.5.AssemblyAttributes.cpp
       Link:
         D:\VS\VC\bin\x86_amd64\link.exe /ERRORREPORT:PROMPT /OUT:"E:\Code\systemClient\x64\Debug\systemClient.exe" /INCREMENTAL /NOLOGO /LIBPATH:"C:\Program Files\MySQL\MySQL Server 8.0\include" /LIBPATH:D:\VS\VC\include /LIBPATH:D:\VS\VC\atlmfc\include /LIBPATH:"C:\Program Files (x86)\Windows Kits\8.1\Include\um" /LIBPATH:"C:\Program Files (x86)\Windows Kits\8.1\Include\shared" /LIBPATH:"C:\Program Files (x86)\Windows Kits\8.1\Include\winrt" libmysql.lib kernel32.lib user32.lib gdi32.lib winspool.lib comdlg32.lib advapi32.lib shell32.lib ole32.lib oleaut32.lib uuid.lib odbc32.lib odbccp32.lib kernel32.lib user32.lib gdi32.lib winspool.lib comdlg32.lib advapi32.lib shell32.lib ole32.lib oleaut32.lib uuid.lib odbc32.lib odbccp32.lib /ASSEMBLYRESOURCE:x64\Debug\systemClient.adminForm.resources /ASSEMBLYRESOURCE:x64\Debug\systemClient.clientForm.resources /ASSEMBLYRESOURCE:x64\Debug\systemClient.userForm.resources /MANIFEST /MANIFESTUAC:"level='asInvoker' uiAccess='false'" /manifest:embed /DEBUG /PDB:"E:\Code\systemClient\x64\Debug\systemClient.pdb" /ASSEMBLYDEBUG /TLBID:1 /DYNAMICBASE /FIXED:NO /NXCOMPAT /MACHINE:X64 x64\Debug\adminForm.obj
         x64\Debug\clientForm.obj
         x64\Debug\systemClient.obj
         x64\Debug\userForm.obj
         "x64\Debug\.NETFramework,Version=v4.5.AssemblyAttributes.obj"
         systemClient.vcxproj -> E:\Code\systemClient\x64\Debug\systemClient.exe
     1>已完成生成项目“E:\Code\systemClient\systemClient\systemClient.vcxproj”(Build 个目标)的操作。

生成成功。

已用时间 00:00:03.42
