c:\users\lenovo\desktop\源码\systemserver\systemserver\x64\debug\vc120.pdb
c:\users\lenovo\desktop\源码\systemserver\systemserver\x64\debug\systemserver.obj
c:\users\lenovo\desktop\源码\systemserver\systemserver\x64\debug\start.obj
c:\users\lenovo\desktop\源码\systemserver\systemserver\x64\debug\showspacestatusform.obj
c:\users\lenovo\desktop\源码\systemserver\systemserver\x64\debug\showroadstatusform.obj
c:\users\lenovo\desktop\源码\systemserver\systemserver\x64\debug\showcarstatusform.obj
c:\users\lenovo\desktop\源码\systemserver\systemserver\x64\debug\showcarroteform.obj
c:\users\lenovo\desktop\源码\systemserver\systemserver\x64\debug\serverform.obj
c:\users\lenovo\desktop\源码\systemserver\systemserver\x64\debug\sendform.obj
c:\users\lenovo\desktop\源码\systemserver\systemserver\x64\debug\parkform.obj
c:\users\lenovo\desktop\源码\systemserver\systemserver\x64\debug\modiftydataform.obj
c:\users\lenovo\desktop\源码\systemserver\systemserver\x64\debug\insertdatabaseform.obj
c:\users\lenovo\desktop\源码\systemserver\systemserver\x64\debug\functendform.obj
c:\users\lenovo\desktop\源码\systemserver\systemserver\x64\debug\deletebaseform.obj
c:\users\lenovo\desktop\源码\systemserver\systemserver\x64\debug\.netframework,version=v4.5.assemblyattributes.obj
c:\users\lenovo\desktop\源码\systemserver\x64\debug\systemserver.exe
c:\users\lenovo\desktop\源码\systemserver\x64\debug\systemserver.pdb
c:\users\lenovo\desktop\源码\systemserver\systemserver\x64\debug\systemserver.deletebaseform.resources
c:\users\lenovo\desktop\源码\systemserver\systemserver\x64\debug\systemserver.functendform.resources
c:\users\lenovo\desktop\源码\systemserver\systemserver\x64\debug\systemserver.insertdatabaseform.resources
c:\users\lenovo\desktop\源码\systemserver\systemserver\x64\debug\systemserver.modiftydataform.resources
c:\users\lenovo\desktop\源码\systemserver\systemserver\x64\debug\systemserver.parkform.resources
c:\users\lenovo\desktop\源码\systemserver\systemserver\x64\debug\systemserver.sendform.resources
c:\users\lenovo\desktop\源码\systemserver\systemserver\x64\debug\systemserver.serverform.resources
c:\users\lenovo\desktop\源码\systemserver\systemserver\x64\debug\systemserver.showcarroteform.resources
c:\users\lenovo\desktop\源码\systemserver\systemserver\x64\debug\systemserver.showcarstatusform.resources
c:\users\lenovo\desktop\源码\systemserver\systemserver\x64\debug\systemserver.showroadstatusform.resources
c:\users\lenovo\desktop\源码\systemserver\systemserver\x64\debug\systemserver.showspacestatusform.resources
c:\users\lenovo\desktop\源码\systemserver\systemserver\x64\debug\systemserver.startform.resources
c:\users\lenovo\desktop\源码\systemserver\systemserver\x64\debug\systemserver.vcxproj.generateresource.cache
c:\users\lenovo\desktop\源码\systemserver\systemserver\x64\debug\systemserver.tlog\cl.command.1.tlog
c:\users\lenovo\desktop\源码\systemserver\systemserver\x64\debug\systemserver.tlog\cl.read.1.tlog
c:\users\lenovo\desktop\源码\systemserver\systemserver\x64\debug\systemserver.tlog\cl.write.1.tlog
c:\users\lenovo\desktop\源码\systemserver\systemserver\x64\debug\systemserver.tlog\link.command.1.tlog
c:\users\lenovo\desktop\源码\systemserver\systemserver\x64\debug\systemserver.tlog\link.read.1.tlog
c:\users\lenovo\desktop\源码\systemserver\systemserver\x64\debug\systemserver.tlog\link.write.1.tlog
c:\users\lenovo\desktop\源码\systemserver\systemserver\x64\debug\systemserver.tlog\metagen.read.1.tlog
c:\users\lenovo\desktop\源码\systemserver\systemserver\x64\debug\systemserver.tlog\metagen.write.1.tlog
c:\users\lenovo\desktop\源码\systemserver\systemserver\x64\debug\systemserver.tlog\systemserver.write.1u.tlog
c:\users\lenovo\desktop\源码\systemserver\systemserver\x64\debug\systemserver.tlog\tzres.dll.bi
