c:\users\lenovo\desktop\新建文件夹\systemclient\systemclient\x64\debug\vc120.pdb
c:\users\lenovo\desktop\新建文件夹\systemclient\systemclient\x64\debug\usermess.obj
c:\users\lenovo\desktop\新建文件夹\systemclient\systemclient\x64\debug\userform.obj
c:\users\lenovo\desktop\新建文件夹\systemclient\systemclient\x64\debug\systemclient.obj
c:\users\lenovo\desktop\新建文件夹\systemclient\systemclient\x64\debug\clientform.obj
c:\users\lenovo\desktop\新建文件夹\systemclient\systemclient\x64\debug\adminform.obj
c:\users\lenovo\desktop\新建文件夹\systemclient\systemclient\x64\debug\admin.obj
c:\users\lenovo\desktop\新建文件夹\systemclient\systemclient\x64\debug\.netframework,version=v4.5.assemblyattributes.obj
c:\users\lenovo\desktop\新建文件夹\systemclient\x64\debug\systemclient.exe
c:\users\lenovo\desktop\新建文件夹\systemclient\x64\debug\systemclient.pdb
c:\users\lenovo\desktop\新建文件夹\systemclient\systemclient\x64\debug\systemclient.admin.resources
c:\users\lenovo\desktop\新建文件夹\systemclient\systemclient\x64\debug\systemclient.adminform.resources
c:\users\lenovo\desktop\新建文件夹\systemclient\systemclient\x64\debug\systemclient.clientform.resources
c:\users\lenovo\desktop\新建文件夹\systemclient\systemclient\x64\debug\systemclient.userform.resources
c:\users\lenovo\desktop\新建文件夹\systemclient\systemclient\x64\debug\systemclient.usermess.resources
c:\users\lenovo\desktop\新建文件夹\systemclient\systemclient\x64\debug\systemclient.vcxproj.generateresource.cache
c:\users\lenovo\desktop\新建文件夹\systemclient\systemclient\x64\debug\systemclient.tlog\cl.command.1.tlog
c:\users\lenovo\desktop\新建文件夹\systemclient\systemclient\x64\debug\systemclient.tlog\cl.read.1.tlog
c:\users\lenovo\desktop\新建文件夹\systemclient\systemclient\x64\debug\systemclient.tlog\cl.write.1.tlog
c:\users\lenovo\desktop\新建文件夹\systemclient\systemclient\x64\debug\systemclient.tlog\link.command.1.tlog
c:\users\lenovo\desktop\新建文件夹\systemclient\systemclient\x64\debug\systemclient.tlog\link.read.1.tlog
c:\users\lenovo\desktop\新建文件夹\systemclient\systemclient\x64\debug\systemclient.tlog\link.write.1.tlog
c:\users\lenovo\desktop\新建文件夹\systemclient\systemclient\x64\debug\systemclient.tlog\metagen.read.1.tlog
c:\users\lenovo\desktop\新建文件夹\systemclient\systemclient\x64\debug\systemclient.tlog\metagen.write.1.tlog
c:\users\lenovo\desktop\新建文件夹\systemclient\systemclient\x64\debug\systemclient.tlog\systemclient.write.1u.tlog
c:\users\lenovo\desktop\新建文件夹\systemclient\systemclient\x64\debug\systemclient.tlog\tzres.dll.bi
