e:\code\systemserver\systemserver\x64\debug\vc120.pdb
e:\code\systemserver\systemserver\x64\debug\systemserver.obj
e:\code\systemserver\systemserver\x64\debug\serverform.obj
e:\code\systemserver\systemserver\x64\debug\.netframework,version=v4.5.assemblyattributes.obj
e:\code\systemserver\systemserver\x64\debug\start.obj
e:\code\systemserver\systemserver\x64\debug\deletebaseform.obj
e:\code\systemserver\systemserver\x64\debug\showdatabaseform.obj
e:\code\systemserver\systemserver\x64\debug\functendform.obj
e:\code\systemserver\systemserver\x64\debug\showcarstatusform.obj
e:\code\systemserver\x64\debug\systemserver.exe
e:\code\systemserver\x64\debug\systemserver.pdb
e:\code\systemserver\systemserver\x64\debug\systemserver.serverform.resources
e:\code\systemserver\systemserver\x64\debug\systemserver.start.resources
e:\code\systemserver\systemserver\x64\debug\systemserver.startform.resources
e:\code\systemserver\systemserver\x64\debug\systemserver.deletebaseform.resources
e:\code\systemserver\systemserver\x64\debug\systemserver.showdatabaseform.resources
e:\code\systemserver\systemserver\x64\debug\systemserver.functendform.resources
e:\code\systemserver\systemserver\x64\debug\systemserver.showcarstatusform.resources
e:\code\systemserver\systemserver\x64\debug\systemserver.vcxproj.generateresource.cache
e:\code\systemserver\systemserver\x64\debug\systemserver.vcxprojresolveassemblyreference.cache
e:\code\systemserver\systemserver\x64\debug\systemserver.tlog\cl.command.1.tlog
e:\code\systemserver\systemserver\x64\debug\systemserver.tlog\cl.read.1.tlog
e:\code\systemserver\systemserver\x64\debug\systemserver.tlog\cl.write.1.tlog
e:\code\systemserver\systemserver\x64\debug\systemserver.tlog\link.command.1.tlog
e:\code\systemserver\systemserver\x64\debug\systemserver.tlog\link.read.1.tlog
e:\code\systemserver\systemserver\x64\debug\systemserver.tlog\link.write.1.tlog
e:\code\systemserver\systemserver\x64\debug\systemserver.tlog\metagen.read.1.tlog
e:\code\systemserver\systemserver\x64\debug\systemserver.tlog\metagen.write.1.tlog
e:\code\systemserver\systemserver\x64\debug\systemserver.tlog\systemserver.write.1u.tlog
e:\code\systemserver\systemserver\x64\debug\systemserver.tlog\tzres.dll.bi
