e:\code\systemclient\systemclient\debug\vc120.pdb
e:\code\systemclient\systemclient\debug\.netframework,version=v4.5.assemblyattributes.obj
e:\code\systemclient\systemclient\debug\systemclient.obj
e:\code\systemclient\systemclient\debug\myform.obj
e:\code\systemclient\systemclient\debug\systemclient.myform.resources
e:\code\systemclient\systemclient\debug\systemclient.vcxproj.generateresource.cache
e:\code\systemclient\systemclient\debug\systemclient.vcxprojresolveassemblyreference.cache
e:\code\systemclient\debug\systemclient.pdb
e:\code\systemclient\systemclient\debug\systemclient.tlog\cl.command.1.tlog
e:\code\systemclient\systemclient\debug\systemclient.tlog\cl.read.1.tlog
e:\code\systemclient\systemclient\debug\systemclient.tlog\cl.write.1.tlog
e:\code\systemclient\systemclient\debug\systemclient.tlog\link.13376-cvtres.read.1.tlog
e:\code\systemclient\systemclient\debug\systemclient.tlog\link.13376-cvtres.write.1.tlog
e:\code\systemclient\systemclient\debug\systemclient.tlog\link.13376-rc.read.1.tlog
e:\code\systemclient\systemclient\debug\systemclient.tlog\link.13376-rc.write.1.tlog
e:\code\systemclient\systemclient\debug\systemclient.tlog\link.13376.read.1.tlog
e:\code\systemclient\systemclient\debug\systemclient.tlog\link.13376.write.1.tlog
e:\code\systemclient\systemclient\debug\systemclient.tlog\link.14748-cvtres.read.1.tlog
e:\code\systemclient\systemclient\debug\systemclient.tlog\link.14748-cvtres.write.1.tlog
e:\code\systemclient\systemclient\debug\systemclient.tlog\link.14748-rc.read.1.tlog
e:\code\systemclient\systemclient\debug\systemclient.tlog\link.14748-rc.write.1.tlog
e:\code\systemclient\systemclient\debug\systemclient.tlog\link.14748.read.1.tlog
e:\code\systemclient\systemclient\debug\systemclient.tlog\link.14748.write.1.tlog
e:\code\systemclient\systemclient\debug\systemclient.tlog\link.3716-cvtres.read.1.tlog
e:\code\systemclient\systemclient\debug\systemclient.tlog\link.3716-cvtres.write.1.tlog
e:\code\systemclient\systemclient\debug\systemclient.tlog\link.3716-rc.read.1.tlog
e:\code\systemclient\systemclient\debug\systemclient.tlog\link.3716-rc.write.1.tlog
e:\code\systemclient\systemclient\debug\systemclient.tlog\link.3716.read.1.tlog
e:\code\systemclient\systemclient\debug\systemclient.tlog\link.3716.write.1.tlog
e:\code\systemclient\systemclient\debug\systemclient.tlog\link.5756-cvtres.read.1.tlog
e:\code\systemclient\systemclient\debug\systemclient.tlog\link.5756-cvtres.write.1.tlog
e:\code\systemclient\systemclient\debug\systemclient.tlog\link.5756-rc.read.1.tlog
e:\code\systemclient\systemclient\debug\systemclient.tlog\link.5756-rc.write.1.tlog
e:\code\systemclient\systemclient\debug\systemclient.tlog\link.5756.read.1.tlog
e:\code\systemclient\systemclient\debug\systemclient.tlog\link.5756.write.1.tlog
e:\code\systemclient\systemclient\debug\systemclient.tlog\link.6376-cvtres.read.1.tlog
e:\code\systemclient\systemclient\debug\systemclient.tlog\link.6376-cvtres.write.1.tlog
e:\code\systemclient\systemclient\debug\systemclient.tlog\link.6376-rc.read.1.tlog
e:\code\systemclient\systemclient\debug\systemclient.tlog\link.6376-rc.write.1.tlog
e:\code\systemclient\systemclient\debug\systemclient.tlog\link.6376.read.1.tlog
e:\code\systemclient\systemclient\debug\systemclient.tlog\link.6376.write.1.tlog
e:\code\systemclient\systemclient\debug\systemclient.tlog\link.command.1.tlog
e:\code\systemclient\systemclient\debug\systemclient.tlog\link.read.1.tlog
e:\code\systemclient\systemclient\debug\systemclient.tlog\link.write.1.tlog
e:\code\systemclient\systemclient\debug\systemclient.tlog\metagen.read.1.tlog
e:\code\systemclient\systemclient\debug\systemclient.tlog\metagen.write.1.tlog
e:\code\systemclient\systemclient\debug\systemclient.tlog\systemclient.write.1u.tlog
e:\code\systemclient\systemclient\debug\systemclient.tlog\tzres.dll.bi
